C:\Program Files\dotnet\sdk\10.0.100-rc.1.25451.107\Sdks\Microsoft.NET.Sdk\targets\Microsoft.NET.EolTargetFrameworks.targets(32,5): warning NETSDK1138: 鐩爣妗嗘灦鈥渘et6.0-windows鈥濅笉鍙楁敮鎸侊紝灏嗘潵涓嶄細鏀跺埌瀹夊叏鏇存柊銆傛湁鍏虫敮鎸佺瓥鐣ョ殑璇︾粏淇℃伅锛岃鍙傞槄 https://aka.ms/dotnet-core-support銆?[C:\Users\Administrator\source\repos\BluetoothBattery2\BluetoothBattery2.Wpf\BluetoothBattery2.Wpf.csproj]
C:\Program Files\dotnet\sdk\10.0.100-rc.1.25451.107\Sdks\Microsoft.NET.Sdk\targets\Microsoft.NET.EolTargetFrameworks.targets(32,5): warning NETSDK1138: 鐩爣妗嗘灦鈥渘et6.0-windows鈥濅笉鍙楁敮鎸侊紝灏嗘潵涓嶄細鏀跺埌瀹夊叏鏇存柊銆傛湁鍏虫敮鎸佺瓥鐣ョ殑璇︾粏淇℃伅锛岃鍙傞槄 https://aka.ms/dotnet-core-support銆?[C:\Users\Administrator\source\repos\BluetoothBattery2\BluetoothBattery2.Wpf\BluetoothBattery2.Wpf.csproj]
C:\Program Files\dotnet\sdk\10.0.100-rc.1.25451.107\Sdks\Microsoft.NET.Sdk\targets\Microsoft.NET.EolTargetFrameworks.targets(32,5): warning NETSDK1138: 鐩爣妗嗘灦鈥渘et6.0-windows鈥濅笉鍙楁敮鎸侊紝灏嗘潵涓嶄細鏀跺埌瀹夊叏鏇存柊銆傛湁鍏虫敮鎸佺瓥鐣ョ殑璇︾粏淇℃伅锛岃鍙傞槄 https://aka.ms/dotnet-core-support銆?[C:\Users\Administrator\source\repos\BluetoothBattery2\BluetoothBattery2.Wpf\BluetoothBattery2.Wpf.csproj]
Unhandled exception. System.Windows.Markup.XamlParseException: “设置属性“System.Windows.Controls.ColumnDefinition.Width”时引发了异常。”，行号为“314”，行位置为“38”。
 ---> System.ArgumentException: “24”不是属性“Width”的有效值。
   at System.Windows.DependencyObject.SetValueCommon(DependencyProperty dp, Object value, PropertyMetadata metadata, Boolean coerceWithDeferredReference, Boolean coerceWithCurrentValue, OperationType operationType, Boolean isInternal)
   at System.Windows.DependencyObject.SetValue(DependencyProperty dp, Object value)
   at System.Windows.Baml2006.WpfKnownMemberInvoker.SetValue(Object instance, Object value)
   at MS.Internal.Xaml.Runtime.ClrObjectRuntime.SetValue(XamlMember member, Object obj, Object value)
   at MS.Internal.Xaml.Runtime.ClrObjectRuntime.SetValue(Object inst, XamlMember property, Object value)
   --- End of inner exception stack trace ---
   at System.Windows.Markup.XamlReader.RewrapException(Exception e, IXamlLineInfo lineInfo, Uri baseUri)
   at System.Windows.Markup.WpfXamlLoader.Load(XamlReader xamlReader, IXamlObjectWriterFactory writerFactory, Boolean skipJournaledProperties, Object rootObject, XamlObjectWriterSettings settings, Uri baseUri)
   at System.Windows.Markup.WpfXamlLoader.LoadBaml(XamlReader xamlReader, Boolean skipJournaledProperties, Object rootObject, XamlAccessLevel accessLevel, Uri baseUri)
   at System.Windows.Markup.XamlReader.LoadBaml(Stream stream, ParserContext parserContext, Object parent, Boolean closeStream)
   at System.Windows.Application.LoadBamlStreamWithSyncInfo(Stream stream, ParserContext pc)
   at System.Windows.Application.LoadComponent(Uri resourceLocator, Boolean bSkipJournaledProperties)
   at System.Windows.Application.DoStartup()
   at System.Windows.Application.<.ctor>b__1_0(Object unused)
   at System.Windows.Threading.ExceptionWrapper.InternalRealCall(Delegate callback, Object args, Int32 numArgs)
   at System.Windows.Threading.ExceptionWrapper.TryCatchWhen(Object source, Delegate callback, Object args, Int32 numArgs, Delegate catchHandler)
   at System.Windows.Threading.DispatcherOperation.InvokeImpl()
   at System.Windows.Threading.DispatcherOperation.InvokeInSecurityContext(Object state)
   at MS.Internal.CulturePreservingExecutionContext.CallbackWrapper(Object obj)
   at System.Threading.ExecutionContext.RunInternal(ExecutionContext executionContext, ContextCallback callback, Object state)
--- End of stack trace from previous location ---
   at System.Threading.ExecutionContext.RunInternal(ExecutionContext executionContext, ContextCallback callback, Object state)
   at System.Threading.ExecutionContext.Run(ExecutionContext executionContext, ContextCallback callback, Object state)
   at MS.Internal.CulturePreservingExecutionContext.Run(CulturePreservingExecutionContext executionContext, ContextCallback callback, Object state)
   at System.Windows.Threading.DispatcherOperation.Invoke()
   at System.Windows.Threading.Dispatcher.ProcessQueue()
   at System.Windows.Threading.Dispatcher.WndProcHook(IntPtr hwnd, Int32 msg, IntPtr wParam, IntPtr lParam, Boolean& handled)
   at MS.Win32.HwndWrapper.WndProc(IntPtr hwnd, Int32 msg, IntPtr wParam, IntPtr lParam, Boolean& handled)
   at MS.Win32.HwndSubclass.DispatcherCallbackOperation(Object o)
   at System.Windows.Threading.ExceptionWrapper.InternalRealCall(Delegate callback, Object args, Int32 numArgs)
   at System.Windows.Threading.ExceptionWrapper.TryCatchWhen(Object source, Delegate callback, Object args, Int32 numArgs, Delegate catchHandler)
   at System.Windows.Threading.Dispatcher.LegacyInvokeImpl(DispatcherPriority priority, TimeSpan timeout, Delegate method, Object args, Int32 numArgs)
   at MS.Win32.HwndSubclass.SubclassWndProc(IntPtr hwnd, Int32 msg, IntPtr wParam, IntPtr lParam)
   at MS.Win32.UnsafeNativeMethods.DispatchMessage(MSG& msg)
   at System.Windows.Threading.Dispatcher.PushFrameImpl(DispatcherFrame frame)
   at System.Windows.Threading.Dispatcher.PushFrame(DispatcherFrame frame)
   at System.Windows.Threading.Dispatcher.Run()
   at System.Windows.Application.RunDispatcher(Object ignore)
   at System.Windows.Application.RunInternal(Window window)
   at System.Windows.Application.Run()
   at BluetoothBattery2.Wpf.App.Main()
